<?xml version="1.0" encoding="UTF-8"?>
<!-- Generated by org.testng.reporters.JUnitReportReporter -->
<testsuite skipped="0" hostname="L005517" name="com.amazon.test.SearchResultTest" tests="2" failures="0" timestamp="07 Apr 2018 18:12:56 GMT" time="21.211" errors="0">
  <testcase name="openHomePage" time="15.412" classname="com.amazon.test.SearchResultTest"/>
  <testcase name="searchProudct" time="5.799" classname="com.amazon.test.SearchResultTest"/>
</testsuite> <!-- com.amazon.test.SearchResultTest -->
